

Processing ApplicationController#index (for 127.0.0.1 at 2011-02-11 12:32:37) [GET]

ActionController::RoutingError (No route matches "/" with {:method=>:get}):
  

Rendering rescues/layout (not_found)


Processing MainController#index (for 127.0.0.1 at 2011-02-11 12:33:37) [GET]
Rendering template within layouts/application
Rendering main/index
Completed in 41ms (View: 40, DB: 0) | 200 OK [http://0.0.0.0/]


Processing ApplicationController#index (for 127.0.0.1 at 2011-02-11 13:08:19) [GET]

MissingSourceFile (no such file to load -- qype):
  app/controllers/main_controller.rb:2

Rendered rescues/_trace (25.8ms)
Rendered rescues/_request_and_response (0.9ms)
Rendering rescues/layout (internal_server_error)


Processing MainController#index (for 127.0.0.1 at 2011-02-11 13:12:08) [GET]
Completed in 1716ms (View: 30, DB: 0) | 200 OK [http://0.0.0.0/]
/!\ FAILSAFE /!\  Fri Feb 11 13:31:38 +0100 2011
  Status: 500 Internal Server Error
  /Users/tatiana/Workspace/qype-fm/app/helpers/application_helper.rb:10: syntax error, unexpected kUNLESS_MOD, expecting ')'
...ace.lat},#{place.long}" unless place.lat.blank? or place.lon...
                              ^
    /Library/Ruby/Gems/1.8/gems/activesupport-2.3.8/lib/active_support/dependencies.rb:380:in `load_without_new_constant_marking'
    /Library/Ruby/Gems/1.8/gems/activesupport-2.3.8/lib/active_support/dependencies.rb:380:in `load_file'
    /Library/Ruby/Gems/1.8/gems/activesupport-2.3.8/lib/active_support/dependencies.rb:521:in `new_constants_in'
    /Library/Ruby/Gems/1.8/gems/activesupport-2.3.8/lib/active_support/dependencies.rb:379:in `load_file'
    /Library/Ruby/Gems/1.8/gems/activesupport-2.3.8/lib/active_support/dependencies.rb:259:in `require_or_load'
    /Library/Ruby/Gems/1.8/gems/activesupport-2.3.8/lib/active_support/dependencies.rb:224:in `depend_on'
    /Library/Ruby/Gems/1.8/gems/activesupport-2.3.8/lib/active_support/dependencies.rb:136:in `require_dependency'
    /Library/Ruby/Gems/1.8/gems/actionpack-2.3.8/lib/action_controller/helpers.rb:197:in `default_helper_module!'
    /Library/Ruby/Gems/1.8/gems/actionpack-2.3.8/lib/action_controller/helpers.rb:212:in `__send__'
    /Library/Ruby/Gems/1.8/gems/actionpack-2.3.8/lib/action_controller/helpers.rb:212:in `inherited'
    /Users/tatiana/Workspace/qype-fm/app/controllers/application_controller.rb:4
    /Library/Ruby/Gems/1.8/gems/activesupport-2.3.8/lib/active_support/dependencies.rb:380:in `load_without_new_constant_marking'
    /Library/Ruby/Gems/1.8/gems/activesupport-2.3.8/lib/active_support/dependencies.rb:380:in `load_file'
    /Library/Ruby/Gems/1.8/gems/activesupport-2.3.8/lib/active_support/dependencies.rb:521:in `new_constants_in'
    /Library/Ruby/Gems/1.8/gems/activesupport-2.3.8/lib/active_support/dependencies.rb:379:in `load_file'
    /Library/Ruby/Gems/1.8/gems/activesupport-2.3.8/lib/active_support/dependencies.rb:259:in `require_or_load'
    /Library/Ruby/Gems/1.8/gems/activesupport-2.3.8/lib/active_support/dependencies.rb:425:in `load_missing_constant'
    /Library/Ruby/Gems/1.8/gems/activesupport-2.3.8/lib/active_support/dependencies.rb:80:in `const_missing'
    /Library/Ruby/Gems/1.8/gems/activesupport-2.3.8/lib/active_support/dependencies.rb:92:in `const_missing'
    /Library/Ruby/Gems/1.8/gems/actionpack-2.3.8/lib/action_controller/dispatcher.rb:89:in `dispatch'
    /Library/Ruby/Gems/1.8/gems/actionpack-2.3.8/lib/action_controller/dispatcher.rb:121:in `_call'
    /Library/Ruby/Gems/1.8/gems/actionpack-2.3.8/lib/action_controller/dispatcher.rb:130:in `build_middleware_stack'
    /Library/Ruby/Gems/1.8/gems/activerecord-2.3.8/lib/active_record/query_cache.rb:29:in `call'
    /Library/Ruby/Gems/1.8/gems/activerecord-2.3.8/lib/active_record/query_cache.rb:29:in `call'
    /Library/Ruby/Gems/1.8/gems/activerecord-2.3.8/lib/active_record/connection_adapters/abstract/query_cache.rb:34:in `cache'
    /Library/Ruby/Gems/1.8/gems/activerecord-2.3.8/lib/active_record/query_cache.rb:9:in `cache'
    /Library/Ruby/Gems/1.8/gems/activerecord-2.3.8/lib/active_record/query_cache.rb:28:in `call'
    /Library/Ruby/Gems/1.8/gems/activerecord-2.3.8/lib/active_record/connection_adapters/abstract/connection_pool.rb:361:in `call'
    /Library/Ruby/Gems/1.8/gems/actionpack-2.3.8/lib/action_controller/string_coercion.rb:25:in `call'
    /Library/Ruby/Gems/1.8/gems/rack-1.1.0/lib/rack/head.rb:9:in `call'
    /Library/Ruby/Gems/1.8/gems/rack-1.1.0/lib/rack/methodoverride.rb:24:in `call'
    /Library/Ruby/Gems/1.8/gems/actionpack-2.3.8/lib/action_controller/params_parser.rb:15:in `call'
    /Library/Ruby/Gems/1.8/gems/actionpack-2.3.8/lib/action_controller/session/cookie_store.rb:99:in `call'
    /Library/Ruby/Gems/1.8/gems/actionpack-2.3.8/lib/action_controller/failsafe.rb:26:in `call'
    /Library/Ruby/Gems/1.8/gems/rack-1.1.0/lib/rack/lock.rb:11:in `call'
    /Library/Ruby/Gems/1.8/gems/rack-1.1.0/lib/rack/lock.rb:11:in `synchronize'
    /Library/Ruby/Gems/1.8/gems/rack-1.1.0/lib/rack/lock.rb:11:in `call'
    /Library/Ruby/Gems/1.8/gems/actionpack-2.3.8/lib/action_controller/dispatcher.rb:114:in `call'
    /Library/Ruby/Gems/1.8/gems/actionpack-2.3.8/lib/action_controller/reloader.rb:34:in `run'
    /Library/Ruby/Gems/1.8/gems/actionpack-2.3.8/lib/action_controller/dispatcher.rb:108:in `call'
    /Library/Ruby/Gems/1.8/gems/rails-2.3.8/lib/rails/rack/static.rb:31:in `call'
    /Library/Ruby/Gems/1.8/gems/rack-1.1.0/lib/rack/urlmap.rb:47:in `call'
    /Library/Ruby/Gems/1.8/gems/rack-1.1.0/lib/rack/urlmap.rb:41:in `each'
    /Library/Ruby/Gems/1.8/gems/rack-1.1.0/lib/rack/urlmap.rb:41:in `call'
    /Library/Ruby/Gems/1.8/gems/rails-2.3.8/lib/rails/rack/log_tailer.rb:17:in `call'
    /Library/Ruby/Gems/1.8/gems/rack-1.1.0/lib/rack/content_length.rb:13:in `call'
    /Library/Ruby/Gems/1.8/gems/rack-1.1.0/lib/rack/chunked.rb:15:in `call'
    /Library/Ruby/Gems/1.8/gems/rack-1.1.0/lib/rack/handler/mongrel.rb:67:in `process'
    /Library/Ruby/Gems/1.8/gems/mongrel-1.1.5/lib/mongrel.rb:159:in `process_client'
    /Library/Ruby/Gems/1.8/gems/mongrel-1.1.5/lib/mongrel.rb:158:in `each'
    /Library/Ruby/Gems/1.8/gems/mongrel-1.1.5/lib/mongrel.rb:158:in `process_client'
    /Library/Ruby/Gems/1.8/gems/mongrel-1.1.5/lib/mongrel.rb:285:in `run'
    /Library/Ruby/Gems/1.8/gems/mongrel-1.1.5/lib/mongrel.rb:285:in `initialize'
    /Library/Ruby/Gems/1.8/gems/mongrel-1.1.5/lib/mongrel.rb:285:in `new'
    /Library/Ruby/Gems/1.8/gems/mongrel-1.1.5/lib/mongrel.rb:285:in `run'
    /Library/Ruby/Gems/1.8/gems/mongrel-1.1.5/lib/mongrel.rb:268:in `initialize'
    /Library/Ruby/Gems/1.8/gems/mongrel-1.1.5/lib/mongrel.rb:268:in `new'
    /Library/Ruby/Gems/1.8/gems/mongrel-1.1.5/lib/mongrel.rb:268:in `run'
    /Library/Ruby/Gems/1.8/gems/rack-1.1.0/lib/rack/handler/mongrel.rb:38:in `run'
    /Library/Ruby/Gems/1.8/gems/rails-2.3.8/lib/commands/server.rb:111
    /Library/Ruby/Site/1.8/rubygems/custom_require.rb:31:in `gem_original_require'
    /Library/Ruby/Site/1.8/rubygems/custom_require.rb:31:in `require'
    script/server:3


Processing MainController#index (for 127.0.0.1 at 2011-02-11 13:32:02) [GET]

NoMethodError (undefined method `place_attributes' for #<MainController:0x10368cd98>):
  app/controllers/main_controller.rb:9:in `index'

Rendered rescues/_trace (23.9ms)
Rendered rescues/_request_and_response (1.0ms)
Rendering rescues/layout (internal_server_error)


Processing MainController#index (for 127.0.0.1 at 2011-02-11 15:22:41) [GET]

Timeout::Error (execution expired):
  /System/Library/Frameworks/Ruby.framework/Versions/1.8/usr/lib/ruby/1.8/timeout.rb:60:in `rbuf_fill'
  /System/Library/Frameworks/Ruby.framework/Versions/1.8/usr/lib/ruby/1.8/net/protocol.rb:134:in `rbuf_fill'
  /System/Library/Frameworks/Ruby.framework/Versions/1.8/usr/lib/ruby/1.8/net/protocol.rb:104:in `read_all'
  /System/Library/Frameworks/Ruby.framework/Versions/1.8/usr/lib/ruby/1.8/net/http.rb:2220:in `read_body_0'
  /System/Library/Frameworks/Ruby.framework/Versions/1.8/usr/lib/ruby/1.8/net/http.rb:2173:in `read_body'
  /System/Library/Frameworks/Ruby.framework/Versions/1.8/usr/lib/ruby/1.8/net/http.rb:2198:in `body'
  /System/Library/Frameworks/Ruby.framework/Versions/1.8/usr/lib/ruby/1.8/net/http.rb:2137:in `reading_body'
  /System/Library/Frameworks/Ruby.framework/Versions/1.8/usr/lib/ruby/1.8/net/http.rb:1052:in `request'
  rockstar (0.5.0) lib/rockstar/rest.rb:56:in `request'
  /System/Library/Frameworks/Ruby.framework/Versions/1.8/usr/lib/ruby/1.8/net/http.rb:543:in `start'
  rockstar (0.5.0) lib/rockstar/rest.rb:56:in `request'
  rockstar (0.5.0) lib/rockstar/rest.rb:14:in `get'
  rockstar (0.5.0) lib/rockstar/base.rb:13:in `fetch_and_parse'
  rockstar (0.5.0) lib/rockstar/base.rb:24:in `get_instance'
  rockstar (0.5.0) lib/rockstar/geo.rb:14:in `events'
  app/controllers/main_controller.rb:7:in `index'

Rendered rescues/_trace (28.4ms)
Rendered rescues/_request_and_response (0.2ms)
Rendering rescues/layout (internal_server_error)


Processing MainController#index (for 127.0.0.1 at 2011-02-11 15:24:07) [GET]

NameError (undefined local variable or method `options' for #<MainController:0x1033963a0>):
  app/controllers/main_controller.rb:17:in `place_attributes'
  app/controllers/main_controller.rb:9:in `index'

Rendered rescues/_trace (23.3ms)
Rendered rescues/_request_and_response (0.2ms)
Rendering rescues/layout (internal_server_error)


Processing MainController#index (for 127.0.0.1 at 2011-02-11 15:24:22) [GET]

Timeout::Error (execution expired):
  /System/Library/Frameworks/Ruby.framework/Versions/1.8/usr/lib/ruby/1.8/timeout.rb:60:in `rbuf_fill'
  /System/Library/Frameworks/Ruby.framework/Versions/1.8/usr/lib/ruby/1.8/net/protocol.rb:134:in `rbuf_fill'
  /System/Library/Frameworks/Ruby.framework/Versions/1.8/usr/lib/ruby/1.8/net/protocol.rb:116:in `readuntil'
  /System/Library/Frameworks/Ruby.framework/Versions/1.8/usr/lib/ruby/1.8/net/protocol.rb:126:in `readline'
  /System/Library/Frameworks/Ruby.framework/Versions/1.8/usr/lib/ruby/1.8/net/http.rb:2020:in `read_status_line'
  /System/Library/Frameworks/Ruby.framework/Versions/1.8/usr/lib/ruby/1.8/net/http.rb:2009:in `read_new'
  /System/Library/Frameworks/Ruby.framework/Versions/1.8/usr/lib/ruby/1.8/net/http.rb:1050:in `request'
  rockstar (0.5.0) lib/rockstar/rest.rb:56:in `request'
  /System/Library/Frameworks/Ruby.framework/Versions/1.8/usr/lib/ruby/1.8/net/http.rb:543:in `start'
  rockstar (0.5.0) lib/rockstar/rest.rb:56:in `request'
  rockstar (0.5.0) lib/rockstar/rest.rb:14:in `get'
  rockstar (0.5.0) lib/rockstar/base.rb:13:in `fetch_and_parse'
  rockstar (0.5.0) lib/rockstar/base.rb:24:in `get_instance'
  rockstar (0.5.0) lib/rockstar/geo.rb:14:in `events'
  app/controllers/main_controller.rb:7:in `index'

Rendered rescues/_trace (27.2ms)
Rendered rescues/_request_and_response (0.2ms)
Rendering rescues/layout (internal_server_error)


Processing MainController#index (for 127.0.0.1 at 2011-02-11 15:25:22) [GET]

NoMethodError (undefined method `match_places' for #<Qype::Client:0x10309bab0>):
  app/controllers/main_controller.rb:9:in `index'

Rendered rescues/_trace (22.6ms)
Rendered rescues/_request_and_response (0.2ms)
Rendering rescues/layout (internal_server_error)


Processing MainController#index (for 127.0.0.1 at 2011-02-11 15:25:24) [GET]

NoMethodError (undefined method `match_places' for #<Qype::Client:0x103000628>):
  app/controllers/main_controller.rb:9:in `index'

Rendered rescues/_trace (22.4ms)
Rendered rescues/_request_and_response (0.2ms)
Rendering rescues/layout (internal_server_error)


Processing MainController#index (for 127.0.0.1 at 2011-02-11 15:26:04) [GET]

NoMethodError (undefined method `match_places' for #<Qype::Client:0x1032ef460>):
  app/controllers/main_controller.rb:9:in `index'

Rendered rescues/_trace (84.9ms)
Rendered rescues/_request_and_response (0.2ms)
Rendering rescues/layout (internal_server_error)


Processing MainController#index (for 127.0.0.1 at 2011-02-11 15:28:28) [GET]
Completed in 3083ms (View: 53, DB: 0) | 200 OK [http://0.0.0.0/]


Processing MainController#index (for 127.0.0.1 at 2011-02-11 15:28:52) [GET]

ActionView::MissingTemplate (Missing template fixnums/_fixnum.erb in view path app/views):
  app/controllers/main_controller.rb:10:in `index'

Rendering rescues/layout (internal_server_error)


Processing MainController#index (for 127.0.0.1 at 2011-02-11 15:29:11) [GET]
Completed in 2064ms (View: 0, DB: 0) | 200 OK [http://0.0.0.0/]


Processing MainController#index (for 127.0.0.1 at 2011-02-11 15:29:45) [GET]
Completed in 1390ms (View: 0, DB: 0) | 200 OK [http://0.0.0.0/]


Processing MainController#index (for 127.0.0.1 at 2011-02-11 15:32:00) [GET]

NoMethodError (undefined method `point' for #<Rockstar::Venue:0x102f22800>):
  app/controllers/main_controller.rb:10:in `index'

Rendered rescues/_trace (22.7ms)
Rendered rescues/_request_and_response (0.9ms)
Rendering rescues/layout (internal_server_error)


Processing MainController#index (for 127.0.0.1 at 2011-02-11 15:32:14) [GET]
Completed in 2239ms (View: 1, DB: 0) | 200 OK [http://0.0.0.0/]


Processing MainController#index (for 127.0.0.1 at 2011-02-11 15:32:39) [GET]
Completed in 2154ms (View: 1, DB: 0) | 200 OK [http://0.0.0.0/]


Processing MainController#index (for 127.0.0.1 at 2011-02-11 15:33:05) [GET]
Completed in 1786ms (View: 0, DB: 0) | 200 OK [http://0.0.0.0/]


Processing MainController#index (for 127.0.0.1 at 2011-02-11 15:33:09) [GET]
Completed in 1566ms (View: 0, DB: 0) | 200 OK [http://0.0.0.0/]


Processing MainController#index (for 127.0.0.1 at 2011-02-11 15:34:16) [GET]

EOFError (end of file reached):
  /System/Library/Frameworks/Ruby.framework/Versions/1.8/usr/lib/ruby/1.8/net/protocol.rb:135:in `sysread'
  /System/Library/Frameworks/Ruby.framework/Versions/1.8/usr/lib/ruby/1.8/net/protocol.rb:135:in `rbuf_fill'
  /System/Library/Frameworks/Ruby.framework/Versions/1.8/usr/lib/ruby/1.8/timeout.rb:62:in `timeout'
  /System/Library/Frameworks/Ruby.framework/Versions/1.8/usr/lib/ruby/1.8/timeout.rb:93:in `timeout'
  /System/Library/Frameworks/Ruby.framework/Versions/1.8/usr/lib/ruby/1.8/net/protocol.rb:134:in `rbuf_fill'
  /System/Library/Frameworks/Ruby.framework/Versions/1.8/usr/lib/ruby/1.8/net/protocol.rb:116:in `readuntil'
  /System/Library/Frameworks/Ruby.framework/Versions/1.8/usr/lib/ruby/1.8/net/protocol.rb:126:in `readline'
  /System/Library/Frameworks/Ruby.framework/Versions/1.8/usr/lib/ruby/1.8/net/http.rb:2020:in `read_status_line'
  /System/Library/Frameworks/Ruby.framework/Versions/1.8/usr/lib/ruby/1.8/net/http.rb:2009:in `read_new'
  /System/Library/Frameworks/Ruby.framework/Versions/1.8/usr/lib/ruby/1.8/net/http.rb:1050:in `request'
  rockstar (0.5.0) lib/rockstar/rest.rb:56:in `request'
  /System/Library/Frameworks/Ruby.framework/Versions/1.8/usr/lib/ruby/1.8/net/http.rb:543:in `start'
  rockstar (0.5.0) lib/rockstar/rest.rb:56:in `request'
  rockstar (0.5.0) lib/rockstar/rest.rb:14:in `get'
  rockstar (0.5.0) lib/rockstar/base.rb:13:in `fetch_and_parse'
  rockstar (0.5.0) lib/rockstar/base.rb:24:in `get_instance'
  rockstar (0.5.0) lib/rockstar/geo.rb:14:in `events'
  app/controllers/main_controller.rb:7:in `index'

Rendered rescues/_trace (92.8ms)
Rendered rescues/_request_and_response (0.2ms)
Rendering rescues/layout (internal_server_error)


Processing MainController#index (for 127.0.0.1 at 2011-02-11 15:34:49) [GET]
Completed in 1542ms (View: 0, DB: 0) | 200 OK [http://0.0.0.0/]


Processing MainController#index (for 127.0.0.1 at 2011-02-11 15:36:57) [GET]
Completed in 1252ms (View: 0, DB: 0) | 200 OK [http://0.0.0.0/]


Processing MainController#index (for 127.0.0.1 at 2011-02-11 16:59:05) [GET]
Rendering template within layouts/application
Rendering main/index

ActionView::TemplateError (undefined local variable or method `qype' for #<ActionView::Base:0x1030c1da0>) on line #3 of app/views/main/index.html.erb:
1: <h>Events in Hamburg<h>
2: <% @events.each do |event| %>
3:   <% place = qype.match_places(place_attributes(event.venue)).first %>
4:   <% unless place.blank? %>
5:     <%= @event.title %><br>
6:     <%= link_to place.name, place.links.find_by_rel('self') %><br>

    app/views/main/index.html.erb:3
    app/views/main/index.html.erb:2:in `each'
    app/views/main/index.html.erb:2

Rendered rescues/_trace (29.2ms)
Rendered rescues/_request_and_response (0.3ms)
Rendering rescues/layout (internal_server_error)


Processing MainController#index (for 127.0.0.1 at 2011-02-11 16:59:49) [GET]
Rendering template within layouts/application
Rendering main/index

ActionView::TemplateError (undefined method `title' for nil:NilClass) on line #5 of app/views/main/index.html.erb:
2: <% @events.each do |event| %>
3:   <% place = @qype.match_places(place_attributes(event.venue)).first %>
4:   <% unless place.blank? %>
5:     <%= @event.title %><br>
6:     <%= link_to place.name, place.links.find_by_rel('self') %><br>
7:   <% end %>
8: <% end %>

    app/views/main/index.html.erb:5
    app/views/main/index.html.erb:2:in `each'
    app/views/main/index.html.erb:2

Rendered rescues/_trace (28.6ms)
Rendered rescues/_request_and_response (0.2ms)
Rendering rescues/layout (internal_server_error)


Processing MainController#index (for 127.0.0.1 at 2011-02-11 17:00:13) [GET]

Timeout::Error (execution expired):
  /System/Library/Frameworks/Ruby.framework/Versions/1.8/usr/lib/ruby/1.8/timeout.rb:60:in `rbuf_fill'
  /System/Library/Frameworks/Ruby.framework/Versions/1.8/usr/lib/ruby/1.8/net/protocol.rb:134:in `rbuf_fill'
  /System/Library/Frameworks/Ruby.framework/Versions/1.8/usr/lib/ruby/1.8/net/protocol.rb:104:in `read_all'
  /System/Library/Frameworks/Ruby.framework/Versions/1.8/usr/lib/ruby/1.8/net/http.rb:2220:in `read_body_0'
  /System/Library/Frameworks/Ruby.framework/Versions/1.8/usr/lib/ruby/1.8/net/http.rb:2173:in `read_body'
  /System/Library/Frameworks/Ruby.framework/Versions/1.8/usr/lib/ruby/1.8/net/http.rb:2198:in `body'
  /System/Library/Frameworks/Ruby.framework/Versions/1.8/usr/lib/ruby/1.8/net/http.rb:2137:in `reading_body'
  /System/Library/Frameworks/Ruby.framework/Versions/1.8/usr/lib/ruby/1.8/net/http.rb:1052:in `request'
  rockstar (0.5.0) lib/rockstar/rest.rb:56:in `request'
  /System/Library/Frameworks/Ruby.framework/Versions/1.8/usr/lib/ruby/1.8/net/http.rb:543:in `start'
  rockstar (0.5.0) lib/rockstar/rest.rb:56:in `request'
  rockstar (0.5.0) lib/rockstar/rest.rb:14:in `get'
  rockstar (0.5.0) lib/rockstar/base.rb:13:in `fetch_and_parse'
  rockstar (0.5.0) lib/rockstar/base.rb:24:in `get_instance'
  rockstar (0.5.0) lib/rockstar/geo.rb:14:in `events'
  app/controllers/main_controller.rb:7:in `index'

Rendered rescues/_trace (30.4ms)
Rendered rescues/_request_and_response (0.2ms)
Rendering rescues/layout (internal_server_error)


Processing MainController#index (for 127.0.0.1 at 2011-02-11 17:01:31) [GET]
Rendering template within layouts/application
Rendering main/index

ActionView::TemplateError (undefined method `name' for #<Qype::Place:0x1036bd5d8>) on line #6 of app/views/main/index.html.erb:
3:   <% place = @qype.match_places(place_attributes(event.venue)).first %>
4:   <% unless place.blank? %>
5:     <%= event.title %><br>
6:     <%= link_to place.name, place.links.find_by_rel('self') %><br>
7:   <% end %>
8: <% end %>

    app/views/main/index.html.erb:6
    app/views/main/index.html.erb:2:in `each'
    app/views/main/index.html.erb:2

Rendered rescues/_trace (28.4ms)
Rendered rescues/_request_and_response (0.2ms)
Rendering rescues/layout (internal_server_error)


Processing MainController#index (for 127.0.0.1 at 2011-02-11 17:02:00) [GET]

Timeout::Error (execution expired):
  /System/Library/Frameworks/Ruby.framework/Versions/1.8/usr/lib/ruby/1.8/timeout.rb:60:in `rbuf_fill'
  /System/Library/Frameworks/Ruby.framework/Versions/1.8/usr/lib/ruby/1.8/net/protocol.rb:134:in `rbuf_fill'
  /System/Library/Frameworks/Ruby.framework/Versions/1.8/usr/lib/ruby/1.8/net/protocol.rb:104:in `read_all'
  /System/Library/Frameworks/Ruby.framework/Versions/1.8/usr/lib/ruby/1.8/net/http.rb:2220:in `read_body_0'
  /System/Library/Frameworks/Ruby.framework/Versions/1.8/usr/lib/ruby/1.8/net/http.rb:2173:in `read_body'
  /System/Library/Frameworks/Ruby.framework/Versions/1.8/usr/lib/ruby/1.8/net/http.rb:2198:in `body'
  /System/Library/Frameworks/Ruby.framework/Versions/1.8/usr/lib/ruby/1.8/net/http.rb:2137:in `reading_body'
  /System/Library/Frameworks/Ruby.framework/Versions/1.8/usr/lib/ruby/1.8/net/http.rb:1052:in `request'
  rockstar (0.5.0) lib/rockstar/rest.rb:56:in `request'
  /System/Library/Frameworks/Ruby.framework/Versions/1.8/usr/lib/ruby/1.8/net/http.rb:543:in `start'
  rockstar (0.5.0) lib/rockstar/rest.rb:56:in `request'
  rockstar (0.5.0) lib/rockstar/rest.rb:14:in `get'
  rockstar (0.5.0) lib/rockstar/base.rb:13:in `fetch_and_parse'
  rockstar (0.5.0) lib/rockstar/base.rb:24:in `get_instance'
  rockstar (0.5.0) lib/rockstar/geo.rb:14:in `events'
  app/controllers/main_controller.rb:7:in `index'

Rendered rescues/_trace (94.4ms)
Rendered rescues/_request_and_response (0.3ms)
Rendering rescues/layout (internal_server_error)


Processing MainController#index (for 127.0.0.1 at 2011-02-11 17:03:01) [GET]
Rendering template within layouts/application
Rendering main/index

ActionView::TemplateError (undefined method `find_by_rel' for #<Array:0x102ed2be8>) on line #6 of app/views/main/index.html.erb:
3:   <% place = @qype.match_places(place_attributes(event.venue)).first %>
4:   <% unless place.blank? %>
5:     <%= event.title %><br>
6:     <%= link_to place.title, place.links.find_by_rel('self') %><br>
7:   <% end %>
8: <% end %>

    app/views/main/index.html.erb:6
    app/views/main/index.html.erb:2:in `each'
    app/views/main/index.html.erb:2

Rendered rescues/_trace (28.6ms)
Rendered rescues/_request_and_response (0.2ms)
Rendering rescues/layout (internal_server_error)


Processing MainController#index (for 127.0.0.1 at 2011-02-11 17:15:22) [GET]
Rendering template within layouts/application
Rendering main/index

ActionView::TemplateError (undefined method `qype_link_path' for #<ActionView::Base:0x103237c70>) on line #6 of app/views/main/index.html.erb:
3:   <% place = @qype.match_places(place_attributes(event.venue)).first %>
4:   <% unless place.blank? %>
5:     <%= event.title %><br>
6:     <%= link_to place.title, place.links.first %><br>
7:   <% end %>
8: <% end %>

    app/views/main/index.html.erb:6
    app/views/main/index.html.erb:2:in `each'
    app/views/main/index.html.erb:2

Rendered rescues/_trace (30.6ms)
Rendered rescues/_request_and_response (0.2ms)
Rendering rescues/layout (internal_server_error)


Processing MainController#index (for 127.0.0.1 at 2011-02-11 17:16:22) [GET]
Rendering template within layouts/application
Rendering main/index
Completed in 16553ms (View: 15477, DB: 0) | 200 OK [http://0.0.0.0/]


Processing MainController#index (for 127.0.0.1 at 2011-02-11 17:21:58) [GET]
Rendering template within layouts/application
Rendering main/index

ActionView::TemplateError (undefined method `link' for #<Qype::Place:0x10306b838>) on line #6 of app/views/main/index.html.erb:
3:   <% place = @qype.match_places(place_attributes(event.venue)).first %>
4:   <% unless place.blank? %>
5:     <%= event.title %><br>
6:     <%= link_to place.title, place.link %><br>
7:   <% end %>
8: <% end %>

    app/views/main/index.html.erb:6
    app/views/main/index.html.erb:2:in `each'
    app/views/main/index.html.erb:2

Rendered rescues/_trace (146.8ms)
Rendered rescues/_request_and_response (0.3ms)
Rendering rescues/layout (internal_server_error)


Processing MainController#index (for 127.0.0.1 at 2011-02-11 17:22:35) [GET]
Rendering template within layouts/application
Rendering main/index
Completed in 20870ms (View: 19819, DB: 0) | 200 OK [http://0.0.0.0/]


Processing MainController#index (for 127.0.0.1 at 2011-02-11 17:23:06) [GET]
Rendering template within layouts/application
Rendering main/index
Completed in 13601ms (View: 12780, DB: 0) | 200 OK [http://0.0.0.0/]


Processing MainController#index (for 127.0.0.1 at 2011-02-11 17:23:50) [GET]
Rendering template within layouts/application
Rendering main/index

ActionView::TemplateError (undefined method `qype_link_path' for #<ActionView::Base:0x103501348>) on line #6 of app/views/main/index.html.erb:
3:   <% place = @qype.match_places(place_attributes(event.venue)).first %>
4:   <% unless place.blank? %>
5:     <%= event.title %><br>
6:     <%= link_to place.title, place.link %><br>
7:   <% end %>
8: <% end %>

    app/views/main/index.html.erb:6
    app/views/main/index.html.erb:2:in `each'
    app/views/main/index.html.erb:2

Rendered rescues/_trace (32.1ms)
Rendered rescues/_request_and_response (0.9ms)
Rendering rescues/layout (internal_server_error)


Processing MainController#index (for 127.0.0.1 at 2011-02-11 17:24:26) [GET]
Rendering template within layouts/application
Rendering main/index
Completed in 15703ms (View: 12824, DB: 0) | 200 OK [http://0.0.0.0/]


Processing MainController#index (for 127.0.0.1 at 2011-02-11 17:29:19) [GET]
Rendering template within layouts/application
Rendering main/index
Completed in 14877ms (View: 13728, DB: 0) | 200 OK [http://0.0.0.0/]


Processing MainController#index (for 127.0.0.1 at 2011-02-11 17:33:13) [GET]
Rendering template within layouts/application
Rendering main/index
Completed in 81644ms (View: 74937, DB: 0) | 200 OK [http://0.0.0.0/]


Processing MainController#index (for 127.0.0.1 at 2011-02-11 17:39:03) [GET]
Rendering template within layouts/application
Rendering main/index
Completed in 87770ms (View: 83497, DB: 0) | 200 OK [http://0.0.0.0/]


Processing MainController#index (for 127.0.0.1 at 2011-03-11 16:04:44) [GET]
Rendering template within layouts/application
Rendering main/index
Completed in 94051ms (View: 89602, DB: 0) | 200 OK [http://www.myqype.com/]


Processing ApplicationController#index (for 127.0.0.1 at 2011-03-11 16:06:18) [GET]
  Parameters: {"1297421177"=>nil}

ActionController::RoutingError (No route matches "/images/" with {:method=>:get}):
  

Rendering rescues/layout (not_found)


Processing MainController#index (for 127.0.0.1 at 2011-03-11 16:16:29) [GET]
Rendering template within layouts/application
Rendering main/index
Rendered main/_search (174.4ms)

ActionView::TemplateError (You have a nil object when you didn't expect it!
You might have expected an instance of Array.
The error occurred while evaluating nil.each) on line #6 of app/views/main/index.html.erb:
3: Where are you now?
4: <%= render :partial => "search" %>
5: <br>
6: <% @events.each do |event| %>
7:   <% place = @qype.match_places(place_attributes(event.venue)).first %>
8:   <% unless place.blank? %>
9:     <div style="margin-bottom: 10px">

    app/views/main/index.html.erb:6

Rendered rescues/_trace (29.6ms)
Rendered rescues/_request_and_response (0.9ms)
Rendering rescues/layout (internal_server_error)


Processing MainController#index (for 127.0.0.1 at 2011-03-11 16:16:51) [GET]
Rendering template within layouts/application
Rendering main/index
Rendered main/_search (1.3ms)
Completed in 3ms (View: 2, DB: 0) | 200 OK [http://www.myqype.com/]


Processing MainController#index (for 127.0.0.1 at 2011-03-11 16:17:27) [GET]
Rendering template within layouts/application
Rendering main/index

ActionView::TemplateError (undefined method `stringify_keys' for "e.g. Cotton Club":String) on line #3 of app/views/main/_search.html.erb:
1: <% form_tag "/search" do %>
2:   <%= label_tag "Name" %>
3:   <%= text_field_tag "name",nil, "e.g. Cotton Club" %>
4:   <%= label_tag "Location"%>
5:   <%= text_field_tag "location",nil, "e.g. Hamburg" %>
6: <% end %>

    app/views/main/_search.html.erb:3
    app/views/main/_search.html.erb:1
    app/views/main/index.html.erb:4

Rendered rescues/_trace (105.0ms)
Rendered rescues/_request_and_response (0.2ms)
Rendering rescues/layout (internal_server_error)


Processing MainController#index (for 127.0.0.1 at 2011-03-11 16:17:49) [GET]
Rendering template within layouts/application
Rendering main/index
Rendered main/_search (1.6ms)
Completed in 6ms (View: 5, DB: 0) | 200 OK [http://www.myqype.com/]


Processing MainController#index (for 127.0.0.1 at 2011-04-12 11:09:47) [GET]
Rendering template within layouts/application
Rendering main/index
ERROR: compiling _run_erb_app47views47main47index46html46erb RAISED compile error
/Users/tatiana/Workspace/qype-fm/app/views/main/index.html.erb:23: syntax error, unexpected kENSURE, expecting kEND
/Users/tatiana/Workspace/qype-fm/app/views/main/index.html.erb:25: syntax error, unexpected $end, expecting kEND
Function body:           def _run_erb_app47views47main47index46html46erb(local_assigns)
            old_output_buffer = output_buffer;;@output_buffer = '';  __in_erb_template=true ; @output_buffer.concat "<h>Events in Hamburg</h>\n  <br>\nWhere are you now?\n"


; @output_buffer.concat(( render :partial => "search" ).to_s); @output_buffer.concat "\n<br>\n"

;  if @venues.any? ; @output_buffer.concat "\n  "
;  @venues.each do |venue| ; @output_buffer.concat "\n  "
; @output_buffer.concat(( link_to ).to_s); @output_buffer.concat "\n"
;  end ; @output_buffer.concat "\n\n"

;  @events.each do |event| ; @output_buffer.concat "\n  "
;  place = @qype.match_places(place_attributes(event.venue)).first ; @output_buffer.concat "\n  "
;  unless place.blank? ; @output_buffer.concat "\n    <div style=\"margin-bottom: 10px\">\n      "

; @output_buffer.concat(( image_tag(event.image(:medium)) ).to_s); @output_buffer.concat " "; @output_buffer.concat(( event.title ).to_s); @output_buffer.concat " at "; @output_buffer.concat(( link_to place.title, place.qype_link ).to_s); @output_buffer.concat "<br>\n      "
; @output_buffer.concat(( event.start_date ).to_s); @output_buffer.concat "<br>\n      "
; @output_buffer.concat(( event.artists ).to_s); @output_buffer.concat "<br>\n      "
; @output_buffer.concat(( event.description ).to_s); @output_buffer.concat "<br>\n      "
; @output_buffer.concat(( event.attendance ).to_s); @output_buffer.concat "<br>\n    </div>\n  "

;  end ; @output_buffer.concat "\n"
;  end ; @output_buffer
          ensure
            self.output_buffer = old_output_buffer
          end
Backtrace: /Users/tatiana/Workspace/qype-fm/app/views/main/index.html.erb:25:in `compile!'
/Library/Ruby/Gems/1.8/gems/actionpack-2.3.8/lib/action_view/renderable.rb:61:in `compile'
/Library/Ruby/Gems/1.8/gems/actionpack-2.3.8/lib/action_view/renderable.rb:28:in `render'
/Library/Ruby/Gems/1.8/gems/actionpack-2.3.8/lib/action_view/template.rb:205:in `render_template'
/Library/Ruby/Gems/1.8/gems/actionpack-2.3.8/lib/action_view/base.rb:265:in `render'
/Library/Ruby/Gems/1.8/gems/actionpack-2.3.8/lib/action_view/base.rb:348:in `_render_with_layout'
/Library/Ruby/Gems/1.8/gems/actionpack-2.3.8/lib/action_view/base.rb:262:in `render'
/Library/Ruby/Gems/1.8/gems/actionpack-2.3.8/lib/action_controller/base.rb:1250:in `render_for_file'
/Library/Ruby/Gems/1.8/gems/actionpack-2.3.8/lib/action_controller/base.rb:936:in `render_without_benchmark'
/Library/Ruby/Gems/1.8/gems/actionpack-2.3.8/lib/action_controller/benchmarking.rb:51:in `render'
/Library/Ruby/Gems/1.8/gems/activesupport-2.3.8/lib/active_support/core_ext/benchmark.rb:17:in `ms'
/System/Library/Frameworks/Ruby.framework/Versions/1.8/usr/lib/ruby/1.8/benchmark.rb:308:in `realtime'
/Library/Ruby/Gems/1.8/gems/activesupport-2.3.8/lib/active_support/core_ext/benchmark.rb:17:in `ms'
/Library/Ruby/Gems/1.8/gems/actionpack-2.3.8/lib/action_controller/benchmarking.rb:51:in `render'
/Library/Ruby/Gems/1.8/gems/actionpack-2.3.8/lib/action_controller/base.rb:1326:in `default_render'
/Library/Ruby/Gems/1.8/gems/actionpack-2.3.8/lib/action_controller/base.rb:1332:in `perform_action_without_filters'
/Library/Ruby/Gems/1.8/gems/actionpack-2.3.8/lib/action_controller/filters.rb:617:in `call_filters'
/Library/Ruby/Gems/1.8/gems/actionpack-2.3.8/lib/action_controller/filters.rb:610:in `perform_action_without_benchmark'
/Library/Ruby/Gems/1.8/gems/actionpack-2.3.8/lib/action_controller/benchmarking.rb:68:in `perform_action_without_rescue'
/Library/Ruby/Gems/1.8/gems/activesupport-2.3.8/lib/active_support/core_ext/benchmark.rb:17:in `ms'
/System/Library/Frameworks/Ruby.framework/Versions/1.8/usr/lib/ruby/1.8/benchmark.rb:308:in `realtime'
/Library/Ruby/Gems/1.8/gems/activesupport-2.3.8/lib/active_support/core_ext/benchmark.rb:17:in `ms'
/Library/Ruby/Gems/1.8/gems/actionpack-2.3.8/lib/action_controller/benchmarking.rb:68:in `perform_action_without_rescue'
/Library/Ruby/Gems/1.8/gems/actionpack-2.3.8/lib/action_controller/rescue.rb:160:in `perform_action_without_flash'
/Library/Ruby/Gems/1.8/gems/actionpack-2.3.8/lib/action_controller/flash.rb:151:in `perform_action'
/Library/Ruby/Gems/1.8/gems/actionpack-2.3.8/lib/action_controller/base.rb:532:in `send'
/Library/Ruby/Gems/1.8/gems/actionpack-2.3.8/lib/action_controller/base.rb:532:in `process_without_filters'
/Library/Ruby/Gems/1.8/gems/actionpack-2.3.8/lib/action_controller/filters.rb:606:in `process'
/Library/Ruby/Gems/1.8/gems/actionpack-2.3.8/lib/action_controller/base.rb:391:in `process'
/Library/Ruby/Gems/1.8/gems/actionpack-2.3.8/lib/action_controller/base.rb:386:in `call'
/Library/Ruby/Gems/1.8/gems/actionpack-2.3.8/lib/action_controller/routing/route_set.rb:438:in `call'
/Library/Ruby/Gems/1.8/gems/actionpack-2.3.8/lib/action_controller/dispatcher.rb:87:in `dispatch'
/Library/Ruby/Gems/1.8/gems/actionpack-2.3.8/lib/action_controller/dispatcher.rb:121:in `_call'
/Library/Ruby/Gems/1.8/gems/actionpack-2.3.8/lib/action_controller/dispatcher.rb:130:in `build_middleware_stack'
/Library/Ruby/Gems/1.8/gems/activerecord-2.3.8/lib/active_record/query_cache.rb:29:in `call'
/Library/Ruby/Gems/1.8/gems/activerecord-2.3.8/lib/active_record/query_cache.rb:29:in `call'
/Library/Ruby/Gems/1.8/gems/activerecord-2.3.8/lib/active_record/connection_adapters/abstract/query_cache.rb:34:in `cache'
/Library/Ruby/Gems/1.8/gems/activerecord-2.3.8/lib/active_record/query_cache.rb:9:in `cache'
/Library/Ruby/Gems/1.8/gems/activerecord-2.3.8/lib/active_record/query_cache.rb:28:in `call'
/Library/Ruby/Gems/1.8/gems/activerecord-2.3.8/lib/active_record/connection_adapters/abstract/connection_pool.rb:361:in `call'
/Library/Ruby/Gems/1.8/gems/actionpack-2.3.8/lib/action_controller/string_coercion.rb:25:in `call'
/Library/Ruby/Gems/1.8/gems/rack-1.1.0/lib/rack/head.rb:9:in `call'
/Library/Ruby/Gems/1.8/gems/rack-1.1.0/lib/rack/methodoverride.rb:24:in `call'
/Library/Ruby/Gems/1.8/gems/actionpack-2.3.8/lib/action_controller/params_parser.rb:15:in `call'
/Library/Ruby/Gems/1.8/gems/actionpack-2.3.8/lib/action_controller/session/cookie_store.rb:99:in `call'
/Library/Ruby/Gems/1.8/gems/actionpack-2.3.8/lib/action_controller/failsafe.rb:26:in `call'
/Library/Ruby/Gems/1.8/gems/rack-1.1.0/lib/rack/lock.rb:11:in `call'
/Library/Ruby/Gems/1.8/gems/rack-1.1.0/lib/rack/lock.rb:11:in `synchronize'
/Library/Ruby/Gems/1.8/gems/rack-1.1.0/lib/rack/lock.rb:11:in `call'
/Library/Ruby/Gems/1.8/gems/actionpack-2.3.8/lib/action_controller/dispatcher.rb:114:in `call'
/Library/Ruby/Gems/1.8/gems/actionpack-2.3.8/lib/action_controller/reloader.rb:34:in `run'
/Library/Ruby/Gems/1.8/gems/actionpack-2.3.8/lib/action_controller/dispatcher.rb:108:in `call'
/Library/Ruby/Gems/1.8/gems/rails-2.3.8/lib/rails/rack/static.rb:31:in `call'
/Library/Ruby/Gems/1.8/gems/rack-1.1.0/lib/rack/urlmap.rb:47:in `call'
/Library/Ruby/Gems/1.8/gems/rack-1.1.0/lib/rack/urlmap.rb:41:in `each'
/Library/Ruby/Gems/1.8/gems/rack-1.1.0/lib/rack/urlmap.rb:41:in `call'
/Library/Ruby/Gems/1.8/gems/rails-2.3.8/lib/rails/rack/log_tailer.rb:17:in `call'
/Library/Ruby/Gems/1.8/gems/rack-1.1.0/lib/rack/content_length.rb:13:in `call'
/Library/Ruby/Gems/1.8/gems/rack-1.1.0/lib/rack/chunked.rb:15:in `call'
/Library/Ruby/Gems/1.8/gems/rack-1.1.0/lib/rack/handler/mongrel.rb:67:in `process'
/Library/Ruby/Gems/1.8/gems/mongrel-1.1.5/lib/mongrel.rb:159:in `process_client'
/Library/Ruby/Gems/1.8/gems/mongrel-1.1.5/lib/mongrel.rb:158:in `each'
/Library/Ruby/Gems/1.8/gems/mongrel-1.1.5/lib/mongrel.rb:158:in `process_client'
/Library/Ruby/Gems/1.8/gems/mongrel-1.1.5/lib/mongrel.rb:285:in `run'
/Library/Ruby/Gems/1.8/gems/mongrel-1.1.5/lib/mongrel.rb:285:in `initialize'
/Library/Ruby/Gems/1.8/gems/mongrel-1.1.5/lib/mongrel.rb:285:in `new'
/Library/Ruby/Gems/1.8/gems/mongrel-1.1.5/lib/mongrel.rb:285:in `run'
/Library/Ruby/Gems/1.8/gems/mongrel-1.1.5/lib/mongrel.rb:268:in `initialize'
/Library/Ruby/Gems/1.8/gems/mongrel-1.1.5/lib/mongrel.rb:268:in `new'
/Library/Ruby/Gems/1.8/gems/mongrel-1.1.5/lib/mongrel.rb:268:in `run'
/Library/Ruby/Gems/1.8/gems/rack-1.1.0/lib/rack/handler/mongrel.rb:38:in `run'
/Library/Ruby/Gems/1.8/gems/rails-2.3.8/lib/commands/server.rb:111
/Library/Ruby/Site/1.8/rubygems/custom_require.rb:29:in `gem_original_require'
/Library/Ruby/Site/1.8/rubygems/custom_require.rb:29:in `require'
script/server:3

ActionView::TemplateError (compile error
/Users/tatiana/Workspace/qype-fm/app/views/main/index.html.erb:23: syntax error, unexpected kENSURE, expecting kEND
/Users/tatiana/Workspace/qype-fm/app/views/main/index.html.erb:25: syntax error, unexpected $end, expecting kEND) on line #23 of app/views/main/index.html.erb:
20:     </div>
21:   <% end %>
22: <% end %>

    app/views/main/index.html.erb:25:in `compile!'

Rendered rescues/_trace (28.2ms)
Rendered rescues/_request_and_response (12.1ms)
Rendering rescues/layout (internal_server_error)


Processing MainController#index (for 127.0.0.1 at 2011-04-12 11:11:27) [GET]
Rendering template within layouts/application
Rendering main/index
Rendered main/_search (43.6ms)

ActionView::TemplateError (You have a nil object when you didn't expect it!
You might have expected an instance of Array.
The error occurred while evaluating nil.any?) on line #6 of app/views/main/index.html.erb:
3: Where are you now?
4: <%= render :partial => "search" %>
5: <br>
6: <% if @venues.any? %>
7:   <% @venues.each do |venue| %>
8:   <%= link_to "piu", "#" %>
9: <% end %>

    app/views/main/index.html.erb:6

Rendered rescues/_trace (97.7ms)
Rendered rescues/_request_and_response (0.2ms)
Rendering rescues/layout (internal_server_error)


Processing MainController#index (for 127.0.0.1 at 2011-04-12 11:11:58) [GET]
Rendering template within layouts/application
Rendering main/index
Rendered main/_search (1.2ms)
Completed in 15ms (View: 14, DB: 0) | 200 OK [http://www.myqype.com/]


Processing MainController#index (for 127.0.0.1 at 2011-04-12 11:21:54) [GET]
Rendering template within layouts/application
Rendering main/index
Rendered main/_search (1.9ms)
Completed in 8ms (View: 7, DB: 0) | 200 OK [http://www.myqype.com/]


Processing ApplicationController#index (for 127.0.0.1 at 2011-04-12 11:22:04) [POST]
  Parameters: {"name"=>"Cotton club", "location"=>"Hamburg", "commit"=>"go!", "authenticity_token"=>"0ZudrbOTqlvgCcAblBzb8l6eqzSGqdcAXBzBcjIzRUc="}

ActionController::RoutingError (No route matches "/search" with {:method=>:post}):
  

Rendering rescues/layout (not_found)


Processing MainController#index (for 127.0.0.1 at 2011-04-12 11:23:46) [GET]
Rendering template within layouts/application
Rendering main/index
Rendered main/_search (2.0ms)
Completed in 6ms (View: 5, DB: 0) | 200 OK [http://www.myqype.com/]


Processing MainController#search (for 127.0.0.1 at 2011-04-12 11:23:58) [POST]
  Parameters: {"name"=>"Cotton club", "location"=>"Hamburg", "commit"=>"go!", "authenticity_token"=>"0ZudrbOTqlvgCcAblBzb8l6eqzSGqdcAXBzBcjIzRUc="}
Rendering template within layouts/application
Rendering index

ActionView::MissingTemplate (Missing template index.erb in view path app/views):
  app/controllers/main_controller.rb:19:in `search'

Rendering rescues/layout (internal_server_error)


Processing MainController#search (for 127.0.0.1 at 2011-04-12 11:24:29) [GET]
Rendering template within layouts/application
Rendering main/index
Rendered main/_search (1.8ms)

ActionView::TemplateError (You have a nil object when you didn't expect it!
You might have expected an instance of Array.
The error occurred while evaluating nil.each) on line #12 of app/views/main/index.html.erb:
9: <% end %>
10: <% end %>
11: 
12: <% @events.each do |event| %>
13:   <% place = @qype.match_places(place_attributes(event.venue)).first %>
14:   <% unless place.blank? %>
15:     <div style="margin-bottom: 10px">

    app/views/main/index.html.erb:12
    app/controllers/main_controller.rb:19:in `search'

Rendered rescues/_trace (28.4ms)
Rendered rescues/_request_and_response (0.2ms)
Rendering rescues/layout (internal_server_error)


Processing MainController#search (for 127.0.0.1 at 2011-04-12 11:25:11) [GET]
Rendering template within layouts/application
Rendering main/index
Rendered main/_search (1.5ms)
Completed in 1205ms (View: 3, DB: 0) | 200 OK [http://www.myqype.com/main/search]


Processing MainController#search (for 127.0.0.1 at 2011-04-12 11:27:42) [GET]
Rendering template within layouts/application
Rendering main/index
Rendered main/_search (1.5ms)
Completed in 995ms (View: 9, DB: 0) | 200 OK [http://www.myqype.com/main/search]


Processing MainController#search (for 127.0.0.1 at 2011-04-12 11:28:05) [GET]
Rendering template within layouts/application
Rendering main/index
Rendered main/_search (1.6ms)
Completed in 1678ms (View: 9, DB: 0) | 200 OK [http://www.myqype.com/main/search]


Processing MainController#search (for 127.0.0.1 at 2011-04-12 11:28:32) [POST]
  Parameters: {"name"=>"Cotton club", "location"=>"Hamburg", "commit"=>"go!", "authenticity_token"=>"0ZudrbOTqlvgCcAblBzb8l6eqzSGqdcAXBzBcjIzRUc="}
Rendering template within layouts/application
Rendering main/index
Rendered main/_search (1.6ms)
Completed in 556ms (View: 4, DB: 0) | 200 OK [http://www.myqype.com/main/search]


Processing MainController#search (for 127.0.0.1 at 2011-04-12 12:04:05) [POST]
  Parameters: {"name"=>"Cotton club", "location"=>"Hamburg", "commit"=>"go!", "authenticity_token"=>"0ZudrbOTqlvgCcAblBzb8l6eqzSGqdcAXBzBcjIzRUc="}
Rendering template within layouts/application
Rendering main/search
Rendered main/_search (1.6ms)

ActionView::TemplateError (undefined method `fixnum_path' for #<ActionView::Base:0x103682eb0>) on line #11 of app/views/main/search.html.erb:
8: 
9: <% unless @venues.blank? %>
10:   <% @venues.each do |venue| %>
11:     <%= link_to venue.title, venue.id %><br>
12:     <%= link_to "#{venue.title} on Qype", venue.qype_link %><br><br>
13:   <% end %>
14: <% end %>

    app/views/main/search.html.erb:11
    app/views/main/search.html.erb:10:in `each'
    app/views/main/search.html.erb:10

Rendered rescues/_trace (31.6ms)
Rendered rescues/_request_and_response (0.3ms)
Rendering rescues/layout (internal_server_error)


Processing MainController#search (for 127.0.0.1 at 2011-04-12 12:04:49) [POST]
  Parameters: {"name"=>"Cotton club", "location"=>"Hamburg", "commit"=>"go!", "authenticity_token"=>"0ZudrbOTqlvgCcAblBzb8l6eqzSGqdcAXBzBcjIzRUc="}
Rendering template within layouts/application
Rendering main/search
Rendered main/_search (1.1ms)
Completed in 615ms (View: 6, DB: 0) | 200 OK [http://www.myqype.com/main/search]


Processing MainController#search (for 127.0.0.1 at 2011-04-12 12:15:17) [POST]
  Parameters: {"name"=>"Cotton club", "location"=>"Hamburg", "commit"=>"go!", "authenticity_token"=>"0ZudrbOTqlvgCcAblBzb8l6eqzSGqdcAXBzBcjIzRUc="}
Rendering template within layouts/application
Rendering main/search
Rendered main/_search (1.1ms)
Completed in 2149ms (View: 6, DB: 0) | 200 OK [http://www.myqype.com/main/search]


Processing MainController#search (for 127.0.0.1 at 2011-04-12 12:16:07) [POST]
  Parameters: {"name"=>"Cotton club", "location"=>"Hamburg", "commit"=>"go!", "authenticity_token"=>"0ZudrbOTqlvgCcAblBzb8l6eqzSGqdcAXBzBcjIzRUc="}
Rendering template within layouts/application
Rendering main/search
Rendered main/_search (1.1ms)
Completed in 581ms (View: 3, DB: 0) | 200 OK [http://www.myqype.com/main/search]


Processing MainController#search (for 127.0.0.1 at 2011-04-12 12:16:13) [POST]
  Parameters: {"name"=>"Cotton club", "location"=>"Hamburg", "commit"=>"go!", "authenticity_token"=>"0ZudrbOTqlvgCcAblBzb8l6eqzSGqdcAXBzBcjIzRUc="}
Rendering template within layouts/application
Rendering main/search
Rendered main/_search (1.2ms)
Completed in 961ms (View: 3, DB: 0) | 200 OK [http://www.myqype.com/main/search]


Processing MainController#search (for 127.0.0.1 at 2011-04-12 12:20:18) [POST]
  Parameters: {"name"=>"Cotton club", "location"=>"hamburg", "commit"=>"go!", "authenticity_token"=>"0ZudrbOTqlvgCcAblBzb8l6eqzSGqdcAXBzBcjIzRUc="}
Rendering template within layouts/application
Rendering main/search
Rendered main/_search (1.3ms)
Completed in 743ms (View: 3, DB: 0) | 200 OK [http://www.myqype.com/main/search]


Processing MainController#search (for 127.0.0.1 at 2011-04-12 12:20:20) [POST]
  Parameters: {"name"=>"", "location"=>"", "commit"=>"go!", "authenticity_token"=>"0ZudrbOTqlvgCcAblBzb8l6eqzSGqdcAXBzBcjIzRUc="}
Rendering template within layouts/application
Rendering main/search
Rendered main/_search (1.6ms)
Completed in 1256ms (View: 6, DB: 0) | 200 OK [http://www.myqype.com/main/search]


Processing MainController#search (for 127.0.0.1 at 2011-04-12 12:21:51) [POST]
  Parameters: {"name"=>"Cotton club", "location"=>"Hamburg", "commit"=>"go!", "authenticity_token"=>"0ZudrbOTqlvgCcAblBzb8l6eqzSGqdcAXBzBcjIzRUc="}
Rendering template within layouts/application
Rendering main/search
Rendered main/_search (1.1ms)
Completed in 897ms (View: 70, DB: 0) | 200 OK [http://www.myqype.com/main/search]


Processing MainController#search (for 127.0.0.1 at 2011-04-12 12:22:53) [POST]
  Parameters: {"name"=>"Cotton club", "location"=>"Hamburg", "commit"=>"go!", "authenticity_token"=>"0ZudrbOTqlvgCcAblBzb8l6eqzSGqdcAXBzBcjIzRUc="}
Rendering template within layouts/application
Rendering main/search
Rendered main/_search (1.8ms)
Completed in 622ms (View: 16, DB: 0) | 200 OK [http://www.myqype.com/main/search]


Processing MainController#index (for 127.0.0.1 at 2011-04-12 12:48:56) [GET]
Rendering template within layouts/application
Rendering main/index
Rendered main/_search (1.5ms)
Completed in 7ms (View: 6, DB: 0) | 200 OK [http://www.myqype.com/]


Processing MainController#search (for 127.0.0.1 at 2011-04-12 12:49:11) [POST]
  Parameters: {"name"=>"Cotton club", "location"=>"Hamburg", "commit"=>"go!", "authenticity_token"=>"0ZudrbOTqlvgCcAblBzb8l6eqzSGqdcAXBzBcjIzRUc="}
Rendering template within layouts/application
Rendering main/search
Rendered main/_search (1.3ms)
Completed in 11555ms (View: 3, DB: 0) | 200 OK [http://www.myqype.com/main/search]


Processing MainController#venue (for 127.0.0.1 at 2011-04-12 12:50:44) [GET]
  Parameters: {"id"=>"6"}

NameError (uninitialized constant MainController::Place):
  app/controllers/main_controller.rb:14:in `venue'

Rendered rescues/_trace (23.6ms)
Rendered rescues/_request_and_response (0.9ms)
Rendering rescues/layout (internal_server_error)


Processing MainController#venue (for 127.0.0.1 at 2011-04-12 12:51:33) [GET]
  Parameters: {"id"=>"6"}
Rendering template within layouts/application
Rendering main/venue
Completed in 380ms (View: 17, DB: 0) | 200 OK [http://www.myqype.com/main/venue/6]


Processing MainController#venue (for 127.0.0.1 at 2011-04-12 12:51:47) [GET]
  Parameters: {"id"=>"6"}
Rendering template within layouts/application
Rendering main/venue
Completed in 297ms (View: 1, DB: 0) | 200 OK [http://www.myqype.com/main/venue/6]


Processing MainController#venue (for 127.0.0.1 at 2011-04-12 12:52:06) [GET]
  Parameters: {"id"=>"1"}
Rendering template within layouts/application
Rendering main/venue
Completed in 18699ms (View: 1, DB: 0) | 200 OK [http://www.myqype.com/main/venue/1]


Processing MainController#search (for 127.0.0.1 at 2011-04-12 12:54:47) [POST]
  Parameters: {"name"=>"Cotton club", "location"=>"Hamburg", "commit"=>"go!", "authenticity_token"=>"0ZudrbOTqlvgCcAblBzb8l6eqzSGqdcAXBzBcjIzRUc="}
Rendering template within layouts/application
Rendering main/search
Rendered main/_search (1.9ms)
Completed in 582ms (View: 16, DB: 0) | 200 OK [http://www.myqype.com/main/search]


Processing MainController#venue (for 127.0.0.1 at 2011-04-12 12:54:52) [GET]
  Parameters: {"id"=>"4916"}
Rendering template within layouts/application
Rendering main/venue
Completed in 420ms (View: 62, DB: 0) | 200 OK [http://www.myqype.com/main/venue/4916]


Processing MainController#venue (for 127.0.0.1 at 2011-04-12 13:11:42) [GET]
  Parameters: {"id"=>"4916"}

NameError (undefined local variable or method `geo' for #<MainController:0x10372e198>):
  app/controllers/main_controller.rb:17:in `venue'

Rendered rescues/_trace (23.8ms)
Rendered rescues/_request_and_response (0.9ms)
Rendering rescues/layout (internal_server_error)


Processing MainController#venue (for 127.0.0.1 at 2011-04-12 13:12:06) [GET]
  Parameters: {"id"=>"4916"}
Rendering template within layouts/application
Rendering main/venue
Completed in 18121ms (View: 16814, DB: 0) | 200 OK [http://www.myqype.com/main/venue/4916]


Processing MainController#venue (for 127.0.0.1 at 2011-04-12 13:14:06) [GET]
  Parameters: {"id"=>"4916"}
Rendering template within layouts/application
Rendering main/venue
Completed in 11459ms (View: 9717, DB: 0) | 200 OK [http://www.myqype.com/main/venue/4916]


Processing MainController#venue (for 127.0.0.1 at 2011-04-12 13:14:23) [GET]
  Parameters: {"id"=>"4916"}
Rendering template within layouts/application
Rendering main/venue
Completed in 12126ms (View: 11179, DB: 0) | 200 OK [http://www.myqype.com/main/venue/4916]


Processing MainController#index (for 127.0.0.1 at 2011-04-12 13:14:47) [GET]
Rendering template within layouts/application
Rendering main/index
Rendered main/_search (1.4ms)
Completed in 7ms (View: 6, DB: 0) | 200 OK [http://www.myqype.com/]


Processing MainController#index (for 127.0.0.1 at 2011-04-12 13:15:04) [GET]
Rendering template within layouts/application
Rendering main/index
Rendered main/_search (1.5ms)
Completed in 8ms (View: 6, DB: 0) | 200 OK [http://www.myqype.com/]


Processing MainController#search (for 127.0.0.1 at 2011-04-12 13:15:23) [POST]
  Parameters: {"name"=>"Cotton club", "location"=>"Hamburg", "commit"=>"go!", "authenticity_token"=>"0ZudrbOTqlvgCcAblBzb8l6eqzSGqdcAXBzBcjIzRUc="}
Rendering template within layouts/application
Rendering main/search
Rendered main/_search (1.1ms)
Completed in 535ms (View: 7, DB: 0) | 200 OK [http://www.myqype.com/main/search]


Processing MainController#venue (for 127.0.0.1 at 2011-04-12 13:15:34) [GET]
  Parameters: {"id"=>"4916"}
Rendering template within layouts/application
Rendering main/venue
Completed in 9642ms (View: 7833, DB: 0) | 200 OK [http://www.myqype.com/main/venue/4916]
